C:\USERS\XUJINXJ\DESKTOP\毕业设计程序\毕业设计程序\DEBUG\APRIORI.OBJ
C:\USERS\XUJINXJ\DESKTOP\毕业设计程序\毕业设计程序\DEBUG\FP_GROWTH.OBJ
C:\USERS\XUJINXJ\DESKTOP\毕业设计程序\毕业设计程序\DEBUG\FP_TREE.OBJ
C:\USERS\XUJINXJ\DESKTOP\毕业设计程序\毕业设计程序\DEBUG\GRID.OBJ
C:\USERS\XUJINXJ\DESKTOP\毕业设计程序\毕业设计程序\DEBUG\MAIN.OBJ
C:\USERS\XUJINXJ\DESKTOP\毕业设计程序\毕业设计程序\DEBUG\RTREE.OBJ
C:\USERS\XUJINXJ\DESKTOP\毕业设计程序\毕业设计程序\DEBUG\GRIDSET.OBJ
C:\USERS\XUJINXJ\DESKTOP\毕业设计程序\毕业设计程序\DEBUG\SPATIALCO_LOCATION.OBJ
C:\USERS\XUJINXJ\DESKTOP\毕业设计程序\毕业设计程序\DEBUG\VC110.PDB
C:\USERS\XUJINXJ\DESKTOP\毕业设计程序\DEBUG\毕业设计程序.ILK
C:\USERS\XUJINXJ\DESKTOP\毕业设计程序\DEBUG\毕业设计程序.EXE
C:\USERS\XUJINXJ\DESKTOP\毕业设计程序\DEBUG\毕业设计程序.PDB
C:\Users\xujinxj\Desktop\毕业设计程序\毕业设计程序\Debug\Apriori.obj
C:\Users\xujinxj\Desktop\毕业设计程序\毕业设计程序\Debug\FP_Growth.obj
C:\Users\xujinxj\Desktop\毕业设计程序\毕业设计程序\Debug\FP_Tree.obj
C:\Users\xujinxj\Desktop\毕业设计程序\毕业设计程序\Debug\Grid.obj
C:\Users\xujinxj\Desktop\毕业设计程序\毕业设计程序\Debug\GridSet.obj
C:\Users\xujinxj\Desktop\毕业设计程序\毕业设计程序\Debug\Main.obj
C:\Users\xujinxj\Desktop\毕业设计程序\毕业设计程序\Debug\RTree.obj
C:\Users\xujinxj\Desktop\毕业设计程序\毕业设计程序\Debug\SpatialCo_Location.obj
C:\Users\xujinxj\Desktop\毕业设计程序\毕业设计程序\Debug\cl.command.1.tlog
C:\Users\xujinxj\Desktop\毕业设计程序\毕业设计程序\Debug\CL.read.1.tlog
C:\Users\xujinxj\Desktop\毕业设计程序\毕业设计程序\Debug\CL.write.1.tlog
C:\Users\xujinxj\Desktop\毕业设计程序\毕业设计程序\Debug\link-cvtres.read.1.tlog
C:\Users\xujinxj\Desktop\毕业设计程序\毕业设计程序\Debug\link-cvtres.write.1.tlog
C:\Users\xujinxj\Desktop\毕业设计程序\毕业设计程序\Debug\link-rc.read.1.tlog
C:\Users\xujinxj\Desktop\毕业设计程序\毕业设计程序\Debug\link-rc.write.1.tlog
C:\Users\xujinxj\Desktop\毕业设计程序\毕业设计程序\Debug\link.command.1.tlog
C:\Users\xujinxj\Desktop\毕业设计程序\毕业设计程序\Debug\link.read.1.tlog
C:\Users\xujinxj\Desktop\毕业设计程序\毕业设计程序\Debug\link.write.1.tlog
C:\Users\xujinxj\Desktop\毕业设计程序\毕业设计程序\Debug\vc110.idb
C:\Users\xujinxj\Desktop\毕业设计程序\毕业设计程序\Debug\vc110.pdb
C:\Users\xujinxj\Desktop\毕业设计程序\Debug\毕业设计程序.pdb
C:\Users\xujinxj\Desktop\毕业设计程序\Debug\毕业设计程序.exe
C:\Users\xujinxj\Desktop\毕业设计程序\Debug\毕业设计程序.ilk
